<?xml version="1.0" encoding="UTF-8"?>
<testsuite xmlns:xsi="http://www.w3.org/2001/XMLSchema-instance" xsi:noNamespaceSchemaLocation="https://maven.apache.org/surefire/maven-surefire-plugin/xsd/surefire-test-report.xsd" version="3.0.2" name="ua.org.olden.sumeriansbabylon.Base60Test" time="0.965" tests="84" errors="0" skipped="0" failures="0" flakes="0">
  <properties>
[...]
</properties>
  <testcase name="divideSelf" classname="Base60 — шістдесяткова арифметика" time="0.058"/>
  <testcase name="sqrtSumeriansVsClassic" classname="Base60 — шістдесяткова арифметика" time="0.332"/>
  <testcase name="compareNegative" classname="Base60 — шістдесяткова арифметика" time="0.002"/>
  <testcase name="sqrtTwo" classname="Base60 — шістдесяткова арифметика" time="0.003"/>
  <testcase name="parseNull" classname="Base60 — шістдесяткова арифметика" time="0.003"/>
  <testcase name="subtractToZero" classname="Base60 — шістдесяткова арифметика" time="0.001"/>
  <testcase name="powFraction" classname="Base60 — шістдесяткова арифметика" time="0.001"/>
  <testcase name="fromFractionInt" classname="Base60 — шістдесяткова арифметика" time="0.001"/>
  <testcase name="doubleValue" classname="Base60 — шістдесяткова арифметика" time="0.002"/>
  <testcase name="sumerianHalf" classname="Base60 — шістдесяткова арифметика" time="0.002"/>
  <testcase name="sumerianZero" classname="Base60 — шістдесяткова арифметика" time="0.002"/>
  <testcase name="withPeriodOneSeventh" classname="Base60 — шістдесяткова арифметика" time="0.001"/>
  <testcase name="fromFractionNegativeDen" classname="Base60 — шістдесяткова арифметика" time="0.002"/>
  <testcase name="sumerianNegative" classname="Base60 — шістдесяткова арифметика" time="0.002"/>
  <testcase name="subtractNegative" classname="Base60 — шістдесяткова арифметика" time="0.002"/>
  <testcase name="compareTo" classname="Base60 — шістдесяткова арифметика" time="0.002"/>
  <testcase name="toIntegerNegative" classname="Base60 — шістдесяткова арифметика" time="0.001"/>
  <testcase name="divide" classname="Base60 — шістдесяткова арифметика" time="0.001"/>
  <testcase name="fromLong" classname="Base60 — шістдесяткова арифметика" time="0.001"/>
  <testcase name="toDecimalOneThird" classname="Base60 — шістдесяткова арифметика" time="0.002"/>
  <testcase name="addIdentity" classname="Base60 — шістдесяткова арифметика" time="0.001"/>
  <testcase name="toStringIntegers(int, String)[1]" classname="Base60 — шістдесяткова арифметика" time="0.023"/>
  <testcase name="toStringIntegers(int, String)[2]" classname="Base60 — шістдесяткова арифметика" time="0.002"/>
  <testcase name="toStringIntegers(int, String)[3]" classname="Base60 — шістдесяткова арифметика" time="0.002"/>
  <testcase name="toStringIntegers(int, String)[4]" classname="Base60 — шістдесяткова арифметика" time="0.002"/>
  <testcase name="toStringIntegers(int, String)[5]" classname="Base60 — шістдесяткова арифметика" time="0.001"/>
  <testcase name="negate" classname="Base60 — шістдесяткова арифметика" time="0.001"/>
  <testcase name="floatValue" classname="Base60 — шістдесяткова арифметика" time="0.001"/>
  <testcase name="signum" classname="Base60 — шістдесяткова арифметика" time="0.002"/>
  <testcase name="modFractions" classname="Base60 — шістдесяткова арифметика" time="0.001"/>
  <testcase name="sqrtSumeriansExact" classname="Base60 — шістдесяткова арифметика" time="0.244"/>
  <testcase name="distributiveLaw" classname="Base60 — шістдесяткова арифметика" time="0.001"/>
  <testcase name="sqrtExact" classname="Base60 — шістдесяткова арифметика" time="0.002"/>
  <testcase name="toStringNegativeFraction" classname="Base60 — шістдесяткова арифметика" time="0.002"/>
  <testcase name="modBasic" classname="Base60 — шістдесяткова арифметика" time="0.001"/>
  <testcase name="fromInt" classname="Base60 — шістдесяткова арифметика" time="0.001"/>
  <testcase name="withPeriodNegativeCyclic" classname="Base60 — шістдесяткова арифметика" time="0.001"/>
  <testcase name="sumerianSixty" classname="Base60 — шістдесяткова арифметика" time="0.001"/>
  <testcase name="powZeroNegative" classname="Base60 — шістдесяткова арифметика" time="0.002"/>
  <testcase name="hashCodeConsistent" classname="Base60 — шістдесяткова арифметика" time="0.001"/>
  <testcase name="fromFractionZeroDen" classname="Base60 — шістдесяткова арифметика" time="0.002"/>
  <testcase name="toStringWithPrecision" classname="Base60 — шістдесяткова арифметика" time="0.002"/>
  <testcase name="multiplyIdentity" classname="Base60 — шістдесяткова арифметика" time="0.001"/>
  <testcase name="addIntegers" classname="Base60 — шістдесяткова арифметика" time="0.001"/>
  <testcase name="powBase60Integer" classname="Base60 — шістдесяткова арифметика" time="0.002"/>
  <testcase name="powZero" classname="Base60 — шістдесяткова арифметика" time="0.003"/>
  <testcase name="fromIntNegative" classname="Base60 — шістдесяткова арифметика" time="0.002"/>
  <testcase name="isNumber" classname="Base60 — шістдесяткова арифметика" time="0.001"/>
  <testcase name="modNegativeDivisor" classname="Base60 — шістдесяткова арифметика" time="0.001"/>
  <testcase name="sumerianOne" classname="Base60 — шістдесяткова арифметика" time="0.001"/>
  <testcase name="sumerianTen" classname="Base60 — шістдесяткова арифметика" time="0.002"/>
  <testcase name="parseInteger" classname="Base60 — шістдесяткова арифметика" time="0.001"/>
  <testcase name="abs" classname="Base60 — шістдесяткова арифметика" time="0.001"/>
  <testcase name="fromFractionBigInteger" classname="Base60 — шістдесяткова арифметика" time="0.001"/>
  <testcase name="longValue" classname="Base60 — шістдесяткова арифметика" time="0.002"/>
  <testcase name="addFractions" classname="Base60 — шістдесяткова арифметика" time="0.002"/>
  <testcase name="parseNegative" classname="Base60 — шістдесяткова арифметика" time="0.001"/>
  <testcase name="toInteger" classname="Base60 — шістдесяткова арифметика" time="0.001"/>
  <testcase name="toStringOneThird" classname="Base60 — шістдесяткова арифметика" time="0.001"/>
  <testcase name="negateZero" classname="Base60 — шістдесяткова арифметика" time="0.002"/>
  <testcase name="intValue" classname="Base60 — шістдесяткова арифметика" time="0.002"/>
  <testcase name="toStringHalf" classname="Base60 — шістдесяткова арифметика" time="0.001"/>
  <testcase name="multiply" classname="Base60 — шістдесяткова арифметика" time="0.001"/>
  <testcase name="equalsFractions" classname="Base60 — шістдесяткова арифметика" time="0.001"/>
  <testcase name="powPositive" classname="Base60 — шістдесяткова арифметика" time="0.001"/>
  <testcase name="notEquals" classname="Base60 — шістдесяткова арифметика" time="0.002"/>
  <testcase name="powNegative" classname="Base60 — шістдесяткова арифметика" time="0.001"/>
  <testcase name="fromFractionLong" classname="Base60 — шістдесяткова арифметика" time="0.001"/>
  <testcase name="withPeriodOneThirdFinite" classname="Base60 — шістдесяткова арифметика" time="0.002"/>
  <testcase name="multiplyByZero" classname="Base60 — шістдесяткова арифметика" time="0.001"/>
  <testcase name="withPeriodInteger" classname="Base60 — шістдесяткова арифметика" time="0.001"/>
  <testcase name="modZero" classname="Base60 — шістдесяткова арифметика" time="0.002"/>
  <testcase name="parseIntegerAndFraction" classname="Base60 — шістдесяткова арифметика" time="0.003"/>
  <testcase name="fromDecimal" classname="Base60 — шістдесяткова арифметика" time="0.001"/>
  <testcase name="sqrtNegative" classname="Base60 — шістдесяткова арифметика" time="0.002"/>
  <testcase name="divideByZero" classname="Base60 — шістдесяткова арифметика" time="0.001"/>
  <testcase name="parseFraction" classname="Base60 — шістдесяткова арифметика" time="0.001"/>
  <testcase name="powBase60Fractional" classname="Base60 — шістдесяткова арифметика" time="0.001"/>
  <testcase name="fromIntZero" classname="Base60 — шістдесяткова арифметика" time="0.001"/>
  <testcase name="fromInteger" classname="Base60 — шістдесяткова арифметика" time="0.001"/>
  <testcase name="sumerianFiftyNine" classname="Base60 — шістдесяткова арифметика" time="0.001"/>
  <testcase name="toDecimalHalf" classname="Base60 — шістдесяткова арифметика" time="0.001"/>
  <testcase name="modNegativeDividend" classname="Base60 — шістдесяткова арифметика" time="0.002"/>
  <testcase name="parseInvalidDigit" classname="Base60 — шістдесяткова арифметика" time="0.001"/>
</testsuite>